Using pre-set license
Built from '2021.3/staging' branch; Version is '2021.3.5f1 (40eb3a945986) revision 4254522'; Using compiler version '192829333'; Build Type 'Release'
OS: 'Windows 10  (10.0.19044) 64bit Core' Language: 'ja' Physical Memory: 32353 MB
BatchMode: 1, IsHumanControllingUs: 0, StartBugReporterOnCrash: 0, Is64bit: 1, IsPro: 1

COMMAND LINE ARGUMENTS:
C:\Program Files\Unity\Hub\Editor\2021.3.5f1\Editor\Unity.exe
-adb2
-batchMode
-noUpm
-name
AssetImportWorker2
-projectPath
C:/Users/meida/RhythmZoo_NewAds
-logFile
Logs/AssetImportWorker2.log
-srvPort
60153
Successfully changed project path to: C:/Users/meida/RhythmZoo_NewAds
C:/Users/meida/RhythmZoo_NewAds
[UnityMemory] Configuration Parameters - Can be set up in boot.config
    "memorysetup-bucket-allocator-granularity=16"
    "memorysetup-bucket-allocator-bucket-count=8"
    "memorysetup-bucket-allocator-block-size=33554432"
    "memorysetup-bucket-allocator-block-count=8"
    "memorysetup-main-allocator-block-size=16777216"
    "memorysetup-thread-allocator-block-size=16777216"
    "memorysetup-gfx-main-allocator-block-size=16777216"
    "memorysetup-gfx-thread-allocator-block-size=16777216"
    "memorysetup-cache-allocator-block-size=4194304"
    "memorysetup-typetree-allocator-block-size=2097152"
    "memorysetup-profiler-bucket-allocator-granularity=16"
    "memorysetup-profiler-bucket-allocator-bucket-count=8"
    "memorysetup-profiler-bucket-allocator-block-size=33554432"
    "memorysetup-profiler-bucket-allocator-block-count=8"
    "memorysetup-profiler-allocator-block-size=16777216"
    "memorysetup-profiler-editor-allocator-block-size=1048576"
    "memorysetup-temp-allocator-size-main=16777216"
    "memorysetup-job-temp-allocator-block-size=2097152"
    "memorysetup-job-temp-allocator-block-size-background=1048576"
    "memorysetup-job-temp-allocator-reduction-small-platforms=262144"
    "memorysetup-temp-allocator-size-background-worker=32768"
    "memorysetup-temp-allocator-size-job-worker=262144"
    "memorysetup-temp-allocator-size-preload-manager=33554432"
    "memorysetup-temp-allocator-size-nav-mesh-worker=65536"
    "memorysetup-temp-allocator-size-audio-worker=65536"
    "memorysetup-temp-allocator-size-cloud-worker=32768"
    "memorysetup-temp-allocator-size-gi-baking-worker=262144"
    "memorysetup-temp-allocator-size-gfx=262144"
Refreshing native plugins compatible for Editor in 560.04 ms, found 4 plugins.
Preloading 0 native plugins for Editor in 0.00 ms.
Initialize engine version: 2021.3.5f1 (40eb3a945986)
[Subsystems] Discovering subsystems at path C:/Program Files/Unity/Hub/Editor/2021.3.5f1/Editor/Data/Resources/UnitySubsystems
[Subsystems] Discovering subsystems at path C:/Users/meida/RhythmZoo_NewAds/Assets
GfxDevice: creating device client; threaded=0; jobified=0
Direct3D:
    Version:  Direct3D 11.0 [level 11.1]
    Renderer: Intel(R) Iris(R) Plus Graphics (ID=0x8a52)
    Vendor:   Intel
    VRAM:     16176 MB
    Driver:   27.20.100.9621
Initialize mono
Mono path[0] = 'C:/Program Files/Unity/Hub/Editor/2021.3.5f1/Editor/Data/Managed'
Mono path[1] = 'C:/Program Files/Unity/Hub/Editor/2021.3.5f1/Editor/Data/MonoBleedingEdge/lib/mono/unityjit-win32'
Mono config path = 'C:/Program Files/Unity/Hub/Editor/2021.3.5f1/Editor/Data/MonoBleedingEdge/etc'
Using monoOptions --debugger-agent=transport=dt_socket,embedding=1,server=y,suspend=n,address=127.0.0.1:56800
Begin MonoManager ReloadAssembly
Registering precompiled unity dll's ...
Register platform support module: C:/Program Files/Unity/Hub/Editor/2021.3.5f1/Editor/Data/PlaybackEngines/AndroidPlayer/UnityEditor.Android.Extensions.dll
Register platform support module: C:/Program Files/Unity/Hub/Editor/2021.3.5f1/Editor/Data/PlaybackEngines/iOSSupport/UnityEditor.iOS.Extensions.dll
Register platform support module: C:/Program Files/Unity/Hub/Editor/2021.3.5f1/Editor/Data/PlaybackEngines/WindowsStandaloneSupport/UnityEditor.WindowsStandalone.Extensions.dll
Registered in 0.041951 seconds.
Native extension for WindowsStandalone target not found
[usbmuxd] Start listen thread
[usbmuxd] Listen thread started
Native extension for iOS target not found
Native extension for Android target not found
Refreshing native plugins compatible for Editor in 455.80 ms, found 4 plugins.
Preloading 0 native plugins for Editor in 0.00 ms.
Mono: successfully reloaded assembly
- Completed reload, in  3.202 seconds
Domain Reload Profiling:
	ReloadAssembly (3204ms)
		BeginReloadAssembly (311ms)
			ExecutionOrderSort (0ms)
			DisableScriptedObjects (0ms)
			BackupInstance (0ms)
			ReleaseScriptingObjects (0ms)
			CreateAndSetChildDomain (4ms)
		EndReloadAssembly (2338ms)
			LoadAssemblies (305ms)
			RebuildTransferFunctionScriptingTraits (0ms)
			SetupTypeCache (527ms)
			ReleaseScriptCaches (0ms)
			RebuildScriptCaches (120ms)
			SetupLoadedEditorAssemblies (1449ms)
				LogAssemblyErrors (0ms)
				InitializePlatformSupportModulesInManaged (282ms)
				SetLoadedEditorAssemblies (1ms)
				RefreshPlugins (456ms)
				BeforeProcessingInitializeOnLoad (5ms)
				ProcessInitializeOnLoadAttributes (480ms)
				ProcessInitializeOnLoadMethodAttributes (224ms)
				AfterProcessingInitializeOnLoad (0ms)
				EditorAssembliesLoaded (0ms)
			ExecutionOrderSort2 (0ms)
			AwakeInstancesAfterBackupRestoration (0ms)
Platform modules already initialized, skipping
Registering precompiled user dll's ...
Registered in 0.034069 seconds.
Begin MonoManager ReloadAssembly
Symbol file LoadedFromMemory doesn't match image C:\Users\meida\RhythmZoo_NewAds\Library\PackageCache\com.unity.visualscripting@1.7.8\Editor\VisualScripting.Core\Dependencies\DotNetZip\Unity.VisualScripting.IonicZip.dll
Symbol file LoadedFromMemory doesn't match image C:\Users\meida\RhythmZoo_NewAds\Library\PackageCache\com.unity.visualscripting@1.7.8\Editor\VisualScripting.Core\Dependencies\YamlDotNet\Unity.VisualScripting.YamlDotNet.dll
Could not resolve field token 0x04000009, due to: Could not load type of field 'AdMob_Manager:bannerView' (2) due to: Could not load file or assembly 'GoogleMobileAds, Version=7.1.0.0, Culture=neutral, PublicKeyToken=null' or one of its dependencies. assembly:C:\Users\meida\RhythmZoo_NewAds\Library\ScriptAssemblies\Assembly-CSharp.dll type:AdMob_Manager member:(null)
Could not resolve field token 0x04000010, due to: Invalid type AdMob_Manager for instance field Button_Manager:admob_manager assembly:C:\Users\meida\RhythmZoo_NewAds\Library\ScriptAssemblies\Assembly-CSharp.dll type:Button_Manager member:(null)
Could not resolve field token 0x04000013, due to: Invalid type AdMob_Manager for instance field Button_Manager:admob_manager assembly:C:\Users\meida\RhythmZoo_NewAds\Library\ScriptAssemblies\Assembly-CSharp.dll type:Button_Manager member:(null)
Could not resolve field token 0x04000014, due to: Invalid type AdMob_Manager for instance field Button_Manager:admob_manager assembly:C:\Users\meida\RhythmZoo_NewAds\Library\ScriptAssemblies\Assembly-CSharp.dll type:Button_Manager member:(null)
Could not resolve field token 0x04000016, due to: Invalid type AdMob_Manager for instance field Button_Manager:admob_manager assembly:C:\Users\meida\RhythmZoo_NewAds\Library\ScriptAssemblies\Assembly-CSharp.dll type:Button_Manager member:(null)
Could not resolve field token 0x04000017, due to: Invalid type AdMob_Manager for instance field Button_Manager:admob_manager assembly:C:\Users\meida\RhythmZoo_NewAds\Library\ScriptAssemblies\Assembly-CSharp.dll type:Button_Manager member:(null)
Could not resolve field token 0x04000018, due to: Invalid type AdMob_Manager for instance field Button_Manager:admob_manager assembly:C:\Users\meida\RhythmZoo_NewAds\Library\ScriptAssemblies\Assembly-CSharp.dll type:Button_Manager member:(null)
Could not resolve field token 0x04000019, due to: Invalid type AdMob_Manager for instance field Button_Manager:admob_manager assembly:C:\Users\meida\RhythmZoo_NewAds\Library\ScriptAssemblies\Assembly-CSharp.dll type:Button_Manager member:(null)
Could not resolve field token 0x0400001a, due to: Invalid type AdMob_Manager for instance field Button_Manager:admob_manager assembly:C:\Users\meida\RhythmZoo_NewAds\Library\ScriptAssemblies\Assembly-CSharp.dll type:Button_Manager member:(null)
Could not resolve field token 0x0400001b, due to: Invalid type AdMob_Manager for instance field Button_Manager:admob_manager assembly:C:\Users\meida\RhythmZoo_NewAds\Library\ScriptAssemblies\Assembly-CSharp.dll type:Button_Manager member:(null)
Could not resolve field token 0x0400001c, due to: Invalid type AdMob_Manager for instance field Button_Manager:admob_manager assembly:C:\Users\meida\RhythmZoo_NewAds\Library\ScriptAssemblies\Assembly-CSharp.dll type:Button_Manager member:(null)
Could not resolve field token 0x0400001d, due to: Invalid type AdMob_Manager for instance field Button_Manager:admob_manager assembly:C:\Users\meida\RhythmZoo_NewAds\Library\ScriptAssemblies\Assembly-CSharp.dll type:Button_Manager member:(null)
Could not resolve field token 0x0400001e, due to: Invalid type AdMob_Manager for instance field Button_Manager:admob_manager assembly:C:\Users\meida\RhythmZoo_NewAds\Library\ScriptAssemblies\Assembly-CSharp.dll type:Button_Manager member:(null)
Could not resolve field token 0x0400001f, due to: Invalid type AdMob_Manager for instance field Button_Manager:admob_manager assembly:C:\Users\meida\RhythmZoo_NewAds\Library\ScriptAssemblies\Assembly-CSharp.dll type:Button_Manager member:(null)
Could not resolve field token 0x04000022, due to: Invalid type AdMob_Manager for instance field Button_Manager:admob_manager assembly:C:\Users\meida\RhythmZoo_NewAds\Library\ScriptAssemblies\Assembly-CSharp.dll type:Button_Manager member:(null)
Could not resolve field token 0x04000023, due to: Invalid type AdMob_Manager for instance field Button_Manager:admob_manager assembly:C:\Users\meida\RhythmZoo_NewAds\Library\ScriptAssemblies\Assembly-CSharp.dll type:Button_Manager member:(null)
Could not resolve field token 0x04000024, due to: Invalid type AdMob_Manager for instance field Button_Manager:admob_manager assembly:C:\Users\meida\RhythmZoo_NewAds\Library\ScriptAssemblies\Assembly-CSharp.dll type:Button_Manager member:(null)
Could not resolve field token 0x04000025, due to: Invalid type AdMob_Manager for instance field Button_Manager:admob_manager assembly:C:\Users\meida\RhythmZoo_NewAds\Library\ScriptAssemblies\Assembly-CSharp.dll type:Button_Manager member:(null)
Could not resolve field token 0x04000026, due to: Invalid type AdMob_Manager for instance field Button_Manager:admob_manager assembly:C:\Users\meida\RhythmZoo_NewAds\Library\ScriptAssemblies\Assembly-CSharp.dll type:Button_Manager member:(null)
Could not resolve field token 0x04000027, due to: Invalid type AdMob_Manager for instance field Button_Manager:admob_manager assembly:C:\Users\meida\RhythmZoo_NewAds\Library\ScriptAssemblies\Assembly-CSharp.dll type:Button_Manager member:(null)
Could not resolve field token 0x04000028, due to: Invalid type AdMob_Manager for instance field Button_Manager:admob_manager assembly:C:\Users\meida\RhythmZoo_NewAds\Library\ScriptAssemblies\Assembly-CSharp.dll type:Button_Manager member:(null)
Could not load signature of AdMob_Manager:HandleUserEarnedReward due to: Could not load file or assembly 'GoogleMobileAds.Core, Version=7.1.0.0, Culture=neutral, PublicKeyToken=null' or one of its dependencies.
Native extension for WindowsStandalone target not found
Native extension for iOS target not found
Native extension for Android target not found
Refreshing native plugins compatible for Editor in 479.99 ms, found 4 plugins.
Preloading 0 native plugins for Editor in 0.00 ms.
Mono: successfully reloaded assembly
- Completed reload, in 16.433 seconds
Domain Reload Profiling:
	ReloadAssembly (16436ms)
		BeginReloadAssembly (579ms)
			ExecutionOrderSort (0ms)
			DisableScriptedObjects (31ms)
			BackupInstance (0ms)
			ReleaseScriptingObjects (0ms)
			CreateAndSetChildDomain (185ms)
		EndReloadAssembly (15399ms)
			LoadAssemblies (11451ms)
			RebuildTransferFunctionScriptingTraits (0ms)
			SetupTypeCache (1149ms)
			ReleaseScriptCaches (3ms)
			RebuildScriptCaches (247ms)
			SetupLoadedEditorAssemblies (2316ms)
				LogAssemblyErrors (0ms)
				InitializePlatformSupportModulesInManaged (121ms)
				SetLoadedEditorAssemblies (1ms)
				RefreshPlugins (480ms)
				BeforeProcessingInitializeOnLoad (429ms)
				ProcessInitializeOnLoadAttributes (1066ms)
				ProcessInitializeOnLoadMethodAttributes (176ms)
				AfterProcessingInitializeOnLoad (41ms)
				EditorAssembliesLoaded (1ms)
			ExecutionOrderSort2 (0ms)
			AwakeInstancesAfterBackupRestoration (35ms)
Platform modules already initialized, skipping
========================================================================
Worker process is ready to serve import requests
Launched and connected shader compiler UnityShaderCompiler.exe after 0.17 seconds
Refreshing native plugins compatible for Editor in 2.24 ms, found 4 plugins.
Preloading 0 native plugins for Editor in 0.00 ms.
Unloading 4166 Unused Serialized files (Serialized files now loaded: 0)
Unloading 72 unused Assets / (223.4 KB). Loaded Objects now: 4590.
Memory consumption went from 160.5 MB to 160.3 MB.
Total: 10.645200 ms (FindLiveObjects: 0.886300 ms CreateObjectMapping: 0.794800 ms MarkObjects: 8.573800 ms  DeleteObjects: 0.386900 ms)

AssetImportParameters requested are different than current active one (requested -> active):
  custom:video-decoder-ogg-theora: a1e56fd34408186e4bbccfd4996cb3dc -> 
  custom:container-muxer-webm: aa71ff27fc2769a1b78a27578f13a17b -> 
  custom:container-demuxer-webm: 4f35f7cbe854078d1ac9338744f61a02 -> 
  custom:video-encoder-webm-vp8: eb34c28f22e8b96e1ab97ce403110664 -> 
  custom:video-codec-MediaFoundation-h265: 746d11721c4dcdbdad8f713fa42b33f4 -> 
  custom:audio-encoder-webm-vorbis: bf7c407c2cedff20999df2af8eb42d56 -> 
  custom:framework-win-MediaFoundation: 216162199b28c13a410421893ffa2e32 -> 
  custom:container-demuxer-ogg: 62fdf1f143b41e24485cea50d1cbac27 -> 
  custom:video-decoder-webm-vp8: 9c59270c3fd7afecdb556c50c9e8de78 -> 
  custom:audio-decoder-ogg-vorbis: bf7c407c2cedff20999df2af8eb42d56 -> 
========================================================================
Received Import Request.
  Time since last request: 164203.011603 seconds.
  path: Assets/Plugins/iOS/unity-plugin-library.a
  artifactKey: Guid(3fbd85863e7246c8b9de13243cc83b5d) Importer(815301076,1909f56bfc062723c751e8b465ee728b)
Start importing Assets/Plugins/iOS/unity-plugin-library.a using Guid(3fbd85863e7246c8b9de13243cc83b5d) Importer(815301076,1909f56bfc062723c751e8b465ee728b)  -> (artifact id: '030b0cdddcdd4cc3f2c6585ff5ae24ea') in 0.105917 seconds 
========================================================================
Received Import Request.
  Time since last request: 26.405261 seconds.
  path: Assets/Plugins/Android
  artifactKey: Guid(b8304ec66323e4d37b853024b64f0856) Importer(815301076,1909f56bfc062723c751e8b465ee728b)
Start importing Assets/Plugins/Android using Guid(b8304ec66323e4d37b853024b64f0856) Importer(815301076,1909f56bfc062723c751e8b465ee728b)  -> (artifact id: '7786878cc35aebe33c3ed39d7e924099') in 0.022500 seconds 
========================================================================
Received Import Request.
  Time since last request: 1.507148 seconds.
  path: Assets/Plugins/Android/GoogleMobileAdsPlugin.androidlib
  artifactKey: Guid(739f3bffb47e945a5a59d706de5c208c) Importer(815301076,1909f56bfc062723c751e8b465ee728b)
Start importing Assets/Plugins/Android/GoogleMobileAdsPlugin.androidlib using Guid(739f3bffb47e945a5a59d706de5c208c) Importer(815301076,1909f56bfc062723c751e8b465ee728b)  -> (artifact id: '79358d5ce5851931f3e314cf78b61c3e') in 0.012882 seconds 
========================================================================
Received Import Request.
  Time since last request: 3.553478 seconds.
  path: Assets/Plugins/Android/googlemobileads-unity.aar
  artifactKey: Guid(d3ce7905b71b44d4f845ed052eebdc55) Importer(815301076,1909f56bfc062723c751e8b465ee728b)
Start importing Assets/Plugins/Android/googlemobileads-unity.aar using Guid(d3ce7905b71b44d4f845ed052eebdc55) Importer(815301076,1909f56bfc062723c751e8b465ee728b)  -> (artifact id: '009c06c0a0d4eb75f06e0ab213f0419e') in 0.019824 seconds 
========================================================================
Received Import Request.
  Time since last request: 14.851774 seconds.
  path: Assets/StreamingAssets
  artifactKey: Guid(aebb9fc898fd37f489346de286b05282) Importer(815301076,1909f56bfc062723c751e8b465ee728b)
Start importing Assets/StreamingAssets using Guid(aebb9fc898fd37f489346de286b05282) Importer(815301076,1909f56bfc062723c751e8b465ee728b)  -> (artifact id: '8c17c620defc715e93c4e0b0b79f5275') in 0.025256 seconds 
========================================================================
Received Prepare
Registering precompiled user dll's ...
Registered in 0.036607 seconds.
Begin MonoManager ReloadAssembly
Symbol file LoadedFromMemory doesn't match image C:\Users\meida\RhythmZoo_NewAds\Library\PackageCache\com.unity.visualscripting@1.7.8\Editor\VisualScripting.Core\Dependencies\DotNetZip\Unity.VisualScripting.IonicZip.dll
Symbol file LoadedFromMemory doesn't match image C:\Users\meida\RhythmZoo_NewAds\Library\PackageCache\com.unity.visualscripting@1.7.8\Editor\VisualScripting.Core\Dependencies\YamlDotNet\Unity.VisualScripting.YamlDotNet.dll
Native extension for WindowsStandalone target not found
Native extension for iOS target not found
Native extension for Android target not found
Refreshing native plugins compatible for Editor in 3.28 ms, found 4 plugins.
Preloading 0 native plugins for Editor in 0.00 ms.
Mono: successfully reloaded assembly
- Completed reload, in  4.486 seconds
Domain Reload Profiling:
	ReloadAssembly (4488ms)
		BeginReloadAssembly (475ms)
			ExecutionOrderSort (0ms)
			DisableScriptedObjects (31ms)
			BackupInstance (0ms)
			ReleaseScriptingObjects (0ms)
			CreateAndSetChildDomain (119ms)
		EndReloadAssembly (3577ms)
			LoadAssemblies (340ms)
			RebuildTransferFunctionScriptingTraits (0ms)
			SetupTypeCache (1185ms)
			ReleaseScriptCaches (5ms)
			RebuildScriptCaches (179ms)
			SetupLoadedEditorAssemblies (1627ms)
				LogAssemblyErrors (0ms)
				InitializePlatformSupportModulesInManaged (122ms)
				SetLoadedEditorAssemblies (2ms)
				RefreshPlugins (4ms)
				BeforeProcessingInitializeOnLoad (369ms)
				ProcessInitializeOnLoadAttributes (933ms)
				ProcessInitializeOnLoadMethodAttributes (165ms)
				AfterProcessingInitializeOnLoad (31ms)
				EditorAssembliesLoaded (1ms)
			ExecutionOrderSort2 (0ms)
			AwakeInstancesAfterBackupRestoration (41ms)
Platform modules already initialized, skipping
Refreshing native plugins compatible for Editor in 21.71 ms, found 4 plugins.
Preloading 0 native plugins for Editor in 0.00 ms.
Unloading 4230 Unused Serialized files (Serialized files now loaded: 0)
Unloading 62 unused Assets / (191.4 KB). Loaded Objects now: 4681.
Memory consumption went from 161.2 MB to 161.0 MB.
Total: 11.965900 ms (FindLiveObjects: 0.579600 ms CreateObjectMapping: 0.564800 ms MarkObjects: 10.311300 ms  DeleteObjects: 0.506100 ms)

AssetImportParameters requested are different than current active one (requested -> active):
  custom:video-decoder-ogg-theora: a1e56fd34408186e4bbccfd4996cb3dc -> 
  custom:container-muxer-webm: aa71ff27fc2769a1b78a27578f13a17b -> 
  custom:container-demuxer-webm: 4f35f7cbe854078d1ac9338744f61a02 -> 
  custom:video-encoder-webm-vp8: eb34c28f22e8b96e1ab97ce403110664 -> 
  custom:video-codec-MediaFoundation-h265: 746d11721c4dcdbdad8f713fa42b33f4 -> 
  custom:audio-encoder-webm-vorbis: bf7c407c2cedff20999df2af8eb42d56 -> 
  custom:framework-win-MediaFoundation: 216162199b28c13a410421893ffa2e32 -> 
  custom:container-demuxer-ogg: 62fdf1f143b41e24485cea50d1cbac27 -> 
  custom:video-decoder-webm-vp8: 9c59270c3fd7afecdb556c50c9e8de78 -> 
  custom:audio-decoder-ogg-vorbis: bf7c407c2cedff20999df2af8eb42d56 -> 
========================================================================
Received Prepare
Registering precompiled user dll's ...
Registered in 0.047926 seconds.
Begin MonoManager ReloadAssembly
Symbol file LoadedFromMemory doesn't match image C:\Users\meida\RhythmZoo_NewAds\Library\PackageCache\com.unity.visualscripting@1.7.8\Editor\VisualScripting.Core\Dependencies\DotNetZip\Unity.VisualScripting.IonicZip.dll
Symbol file LoadedFromMemory doesn't match image C:\Users\meida\RhythmZoo_NewAds\Library\PackageCache\com.unity.visualscripting@1.7.8\Editor\VisualScripting.Core\Dependencies\YamlDotNet\Unity.VisualScripting.YamlDotNet.dll
Native extension for WindowsStandalone target not found
Native extension for iOS target not found
Native extension for Android target not found
Refreshing native plugins compatible for Editor in 3.48 ms, found 4 plugins.
Preloading 0 native plugins for Editor in 0.00 ms.
Mono: successfully reloaded assembly
- Completed reload, in  4.428 seconds
Domain Reload Profiling:
	ReloadAssembly (4431ms)
		BeginReloadAssembly (451ms)
			ExecutionOrderSort (0ms)
			DisableScriptedObjects (33ms)
			BackupInstance (0ms)
			ReleaseScriptingObjects (0ms)
			CreateAndSetChildDomain (125ms)
		EndReloadAssembly (3507ms)
			LoadAssemblies (312ms)
			RebuildTransferFunctionScriptingTraits (0ms)
			SetupTypeCache (1061ms)
			ReleaseScriptCaches (5ms)
			RebuildScriptCaches (170ms)
			SetupLoadedEditorAssemblies (1679ms)
				LogAssemblyErrors (0ms)
				InitializePlatformSupportModulesInManaged (157ms)
				SetLoadedEditorAssemblies (5ms)
				RefreshPlugins (4ms)
				BeforeProcessingInitializeOnLoad (387ms)
				ProcessInitializeOnLoadAttributes (924ms)
				ProcessInitializeOnLoadMethodAttributes (154ms)
				AfterProcessingInitializeOnLoad (48ms)
				EditorAssembliesLoaded (1ms)
			ExecutionOrderSort2 (0ms)
			AwakeInstancesAfterBackupRestoration (42ms)
Platform modules already initialized, skipping
Refreshing native plugins compatible for Editor in 13.62 ms, found 4 plugins.
Preloading 0 native plugins for Editor in 0.00 ms.
Unloading 4230 Unused Serialized files (Serialized files now loaded: 0)
Unloading 62 unused Assets / (191.5 KB). Loaded Objects now: 4684.
Memory consumption went from 161.2 MB to 161.0 MB.
Total: 9.619600 ms (FindLiveObjects: 0.567000 ms CreateObjectMapping: 0.358100 ms MarkObjects: 8.141500 ms  DeleteObjects: 0.549200 ms)

AssetImportParameters requested are different than current active one (requested -> active):
  custom:video-decoder-ogg-theora: a1e56fd34408186e4bbccfd4996cb3dc -> 
  custom:container-muxer-webm: aa71ff27fc2769a1b78a27578f13a17b -> 
  custom:container-demuxer-webm: 4f35f7cbe854078d1ac9338744f61a02 -> 
  custom:video-encoder-webm-vp8: eb34c28f22e8b96e1ab97ce403110664 -> 
  custom:video-codec-MediaFoundation-h265: 746d11721c4dcdbdad8f713fa42b33f4 -> 
  custom:audio-encoder-webm-vorbis: bf7c407c2cedff20999df2af8eb42d56 -> 
  custom:framework-win-MediaFoundation: 216162199b28c13a410421893ffa2e32 -> 
  custom:container-demuxer-ogg: 62fdf1f143b41e24485cea50d1cbac27 -> 
  custom:video-decoder-webm-vp8: 9c59270c3fd7afecdb556c50c9e8de78 -> 
  custom:audio-decoder-ogg-vorbis: bf7c407c2cedff20999df2af8eb42d56 -> 
========================================================================
Received Import Request.
  Time since last request: 173.709603 seconds.
  path: Assets/GoogleMobileAds/Resources/GoogleMobileAdsSettings.asset
  artifactKey: Guid(60459b3fa9d3b114684fe5f659261efb) Importer(815301076,1909f56bfc062723c751e8b465ee728b)
Start importing Assets/GoogleMobileAds/Resources/GoogleMobileAdsSettings.asset using Guid(60459b3fa9d3b114684fe5f659261efb) Importer(815301076,1909f56bfc062723c751e8b465ee728b)  -> (artifact id: '217174adb12051c1a083953b4aa7c68e') in 0.066887 seconds 
========================================================================
Received Import Request.
  Time since last request: 4.691390 seconds.
  path: Assets/GoogleMobileAds/Resources/GoogleMobileAdsSettings.asset
  artifactKey: Guid(60459b3fa9d3b114684fe5f659261efb) Importer(815301076,1909f56bfc062723c751e8b465ee728b)
Start importing Assets/GoogleMobileAds/Resources/GoogleMobileAdsSettings.asset using Guid(60459b3fa9d3b114684fe5f659261efb) Importer(815301076,1909f56bfc062723c751e8b465ee728b)  -> (artifact id: '89cbc3d4e8c67a7940b15b5547bcfca0') in 0.007484 seconds 
========================================================================
Received Import Request.
  Time since last request: 2.172395 seconds.
  path: Assets/GoogleMobileAds/Resources/GoogleMobileAdsSettings.asset
  artifactKey: Guid(60459b3fa9d3b114684fe5f659261efb) Importer(815301076,1909f56bfc062723c751e8b465ee728b)
Start importing Assets/GoogleMobileAds/Resources/GoogleMobileAdsSettings.asset using Guid(60459b3fa9d3b114684fe5f659261efb) Importer(815301076,1909f56bfc062723c751e8b465ee728b)  -> (artifact id: '864117f5027951d79fb81b41a7a326b1') in 0.005414 seconds 
========================================================================
Received Import Request.
  Time since last request: 61.689151 seconds.
  path: Assets/GoogleMobileAds/Resources/GoogleMobileAdsSettings.asset
  artifactKey: Guid(60459b3fa9d3b114684fe5f659261efb) Importer(815301076,1909f56bfc062723c751e8b465ee728b)
Start importing Assets/GoogleMobileAds/Resources/GoogleMobileAdsSettings.asset using Guid(60459b3fa9d3b114684fe5f659261efb) Importer(815301076,1909f56bfc062723c751e8b465ee728b)  -> (artifact id: '5a66c43fe9d5c750687dfbbcf059ef68') in 0.009292 seconds 
========================================================================
Received Import Request.
  Time since last request: 14.795349 seconds.
  path: Assets/GoogleMobileAds/Resources/GoogleMobileAdsSettings.asset
  artifactKey: Guid(60459b3fa9d3b114684fe5f659261efb) Importer(815301076,1909f56bfc062723c751e8b465ee728b)
Start importing Assets/GoogleMobileAds/Resources/GoogleMobileAdsSettings.asset using Guid(60459b3fa9d3b114684fe5f659261efb) Importer(815301076,1909f56bfc062723c751e8b465ee728b)  -> (artifact id: '0d64bf966c6989379ea549728daf902c') in 0.007694 seconds 
========================================================================
Received Import Request.
  Time since last request: 145.212566 seconds.
  path: Assets/Plugins/iOS/GADUBanner.m
  artifactKey: Guid(6b74217aefac34ac8becc89ccae608fc) Importer(815301076,1909f56bfc062723c751e8b465ee728b)
Start importing Assets/Plugins/iOS/GADUBanner.m using Guid(6b74217aefac34ac8becc89ccae608fc) Importer(815301076,1909f56bfc062723c751e8b465ee728b)  -> (artifact id: '43f035ee9888f517ddfa4db7833fcfa6') in 0.029262 seconds 
========================================================================
Received Import Request.
  Time since last request: 0.909959 seconds.
  path: Assets/Plugins/iOS/GADUBanner.h
  artifactKey: Guid(12bff3b69fa05404fafd4c26d3935fef) Importer(815301076,1909f56bfc062723c751e8b465ee728b)
Start importing Assets/Plugins/iOS/GADUBanner.h using Guid(12bff3b69fa05404fafd4c26d3935fef) Importer(815301076,1909f56bfc062723c751e8b465ee728b)  -> (artifact id: '5aa0cc670b7e4eb832b61b704cf61d7a') in 0.036329 seconds 
========================================================================
Received Import Request.
  Time since last request: 4.187736 seconds.
  path: Assets/Plugins/iOS/GADURewardedAd.h
  artifactKey: Guid(798e92a9b07924b04b85c44b69ad2633) Importer(815301076,1909f56bfc062723c751e8b465ee728b)
Start importing Assets/Plugins/iOS/GADURewardedAd.h using Guid(798e92a9b07924b04b85c44b69ad2633) Importer(815301076,1909f56bfc062723c751e8b465ee728b)  -> (artifact id: 'fd198ade2944ce2f9d455e4cef37afc0') in 0.012340 seconds 
========================================================================
Received Import Request.
  Time since last request: 4.003084 seconds.
  path: Assets/Plugins/iOS/GADURewardBasedVideoAd.m
  artifactKey: Guid(37c8a0cb2566840ecb74aa9dd0117660) Importer(815301076,1909f56bfc062723c751e8b465ee728b)
Start importing Assets/Plugins/iOS/GADURewardBasedVideoAd.m using Guid(37c8a0cb2566840ecb74aa9dd0117660) Importer(815301076,1909f56bfc062723c751e8b465ee728b)  -> (artifact id: 'b37692f97f774729ae26a6993621db4f') in 0.022603 seconds 
========================================================================
Received Import Request.
  Time since last request: 2.018881 seconds.
  path: Assets/Plugins/iOS/GADURewardedAd.m
  artifactKey: Guid(f00b719a0eb194b638f357b9c9359929) Importer(815301076,1909f56bfc062723c751e8b465ee728b)
Start importing Assets/Plugins/iOS/GADURewardedAd.m using Guid(f00b719a0eb194b638f357b9c9359929) Importer(815301076,1909f56bfc062723c751e8b465ee728b)  -> (artifact id: 'aef75fa7c8ac3ea24aa0cc4a566afa29') in 0.006314 seconds 
========================================================================
Received Import Request.
  Time since last request: 2.292716 seconds.
  path: Assets/Plugins/iOS/GADUTypes.h
  artifactKey: Guid(2472add27fac24d668d3107260d310ee) Importer(815301076,1909f56bfc062723c751e8b465ee728b)
Start importing Assets/Plugins/iOS/GADUTypes.h using Guid(2472add27fac24d668d3107260d310ee) Importer(815301076,1909f56bfc062723c751e8b465ee728b)  -> (artifact id: 'c240cb4ed42b7d57003a3f200b2a34d6') in 0.015711 seconds 
========================================================================
Received Import Request.
  Time since last request: 1.495025 seconds.
  path: Assets/Plugins/iOS/GADURequest.m
  artifactKey: Guid(c4db8fc900a9e47a39fb845334f73cd4) Importer(815301076,1909f56bfc062723c751e8b465ee728b)
Start importing Assets/Plugins/iOS/GADURequest.m using Guid(c4db8fc900a9e47a39fb845334f73cd4) Importer(815301076,1909f56bfc062723c751e8b465ee728b)  -> (artifact id: 'e6cc140e7604cf0594ba26edb136eebd') in 0.012632 seconds 
========================================================================
Received Import Request.
  Time since last request: 0.894843 seconds.
  path: Assets/Plugins/iOS/GADURequestConfiguration.h
  artifactKey: Guid(1fd8b165c6e7e421c85bcee0dd0e603d) Importer(815301076,1909f56bfc062723c751e8b465ee728b)
Start importing Assets/Plugins/iOS/GADURequestConfiguration.h using Guid(1fd8b165c6e7e421c85bcee0dd0e603d) Importer(815301076,1909f56bfc062723c751e8b465ee728b)  -> (artifact id: 'bbef5d12785f678dd3d765c25a7438ff') in 0.016834 seconds 
========================================================================
Received Import Request.
  Time since last request: 0.958835 seconds.
  path: Assets/Plugins/iOS/GADURequest.h
  artifactKey: Guid(fb457b369e46d44c5985b1e471c58fcd) Importer(815301076,1909f56bfc062723c751e8b465ee728b)
Start importing Assets/Plugins/iOS/GADURequest.h using Guid(fb457b369e46d44c5985b1e471c58fcd) Importer(815301076,1909f56bfc062723c751e8b465ee728b)  -> (artifact id: '90e7b5c4faa0b64f7942430999743953') in 0.007349 seconds 
========================================================================
Received Import Request.
  Time since last request: 0.342715 seconds.
  path: Assets/Plugins/iOS/GADUPluginUtil.m
  artifactKey: Guid(be0909c1805b944bab4b0e30310a159b) Importer(815301076,1909f56bfc062723c751e8b465ee728b)
Start importing Assets/Plugins/iOS/GADUPluginUtil.m using Guid(be0909c1805b944bab4b0e30310a159b) Importer(815301076,1909f56bfc062723c751e8b465ee728b)  -> (artifact id: '00455aa1cd0c1374e99d69ace83e4727') in 0.019748 seconds 
========================================================================
Received Import Request.
  Time since last request: 44.984323 seconds.
  path: Assets/Plugins/iOS/GADURewardBasedVideoAd.h
  artifactKey: Guid(565ba14e707b04864bda064f52d02faf) Importer(815301076,1909f56bfc062723c751e8b465ee728b)
Start importing Assets/Plugins/iOS/GADURewardBasedVideoAd.h using Guid(565ba14e707b04864bda064f52d02faf) Importer(815301076,1909f56bfc062723c751e8b465ee728b)  -> (artifact id: '7447423fd21787bf02e1e5de783ef016') in 0.007173 seconds 
========================================================================
Received Import Request.
  Time since last request: 36.663741 seconds.
  path: Assets/GoogleMobileAds
  artifactKey: Guid(e6d6c8bcba39440abae1c5ccc063c635) Importer(815301076,1909f56bfc062723c751e8b465ee728b)
Start importing Assets/GoogleMobileAds using Guid(e6d6c8bcba39440abae1c5ccc063c635) Importer(815301076,1909f56bfc062723c751e8b465ee728b)  -> (artifact id: '39aef13d6ec6cd629e8e5313864a2afb') in 0.042212 seconds 
========================================================================
Received Import Request.
  Time since last request: 0.044215 seconds.
  path: Assets/GoogleMobileAds/GoogleMobileAds.asmdef
  artifactKey: Guid(a037b9f808b8c43ae91c527caf71d031) Importer(815301076,1909f56bfc062723c751e8b465ee728b)
Start importing Assets/GoogleMobileAds/GoogleMobileAds.asmdef using Guid(a037b9f808b8c43ae91c527caf71d031) Importer(815301076,1909f56bfc062723c751e8b465ee728b)  -> (artifact id: 'bc7ff6e567f9da569b6e5ddd1aef7c11') in 0.013110 seconds 
========================================================================
Received Import Request.
  Time since last request: 10.169238 seconds.
  path: Assets/GoogleMobileAds/Platforms
  artifactKey: Guid(f26cbb3b0cc0446fe97c7b9328638d83) Importer(815301076,1909f56bfc062723c751e8b465ee728b)
Start importing Assets/GoogleMobileAds/Platforms using Guid(f26cbb3b0cc0446fe97c7b9328638d83) Importer(815301076,1909f56bfc062723c751e8b465ee728b)  -> (artifact id: 'c00a97881e0e39f97f03a7345125bb13') in 0.020620 seconds 
========================================================================
Received Import Request.
  Time since last request: 1.557020 seconds.
  path: Assets/GoogleMobileAds/Platforms/iOS
  artifactKey: Guid(a6deaa0d81683441a9cdd72c265e2503) Importer(815301076,1909f56bfc062723c751e8b465ee728b)
Start importing Assets/GoogleMobileAds/Platforms/iOS using Guid(a6deaa0d81683441a9cdd72c265e2503) Importer(815301076,1909f56bfc062723c751e8b465ee728b)  -> (artifact id: 'bc2cf4daf6a770cda3e8751247f0299a') in 0.021546 seconds 
========================================================================
Received Import Request.
  Time since last request: 6.704891 seconds.
  path: Assets/GoogleMobileAds/Platforms/Unity
  artifactKey: Guid(003572db4d2a94347ad2f43046696cef) Importer(815301076,1909f56bfc062723c751e8b465ee728b)
Start importing Assets/GoogleMobileAds/Platforms/Unity using Guid(003572db4d2a94347ad2f43046696cef) Importer(815301076,1909f56bfc062723c751e8b465ee728b)  -> (artifact id: 'fac2b595526cb289a6ff70c035ef5627') in 0.024198 seconds 
========================================================================
Received Import Request.
  Time since last request: 2.723453 seconds.
  path: Assets/GoogleMobileAds/Api
  artifactKey: Guid(6424fd4b648494541a9372eafd21197f) Importer(815301076,1909f56bfc062723c751e8b465ee728b)
Start importing Assets/GoogleMobileAds/Api using Guid(6424fd4b648494541a9372eafd21197f) Importer(815301076,1909f56bfc062723c751e8b465ee728b)  -> (artifact id: 'e609615c43e782fdcd98ed861066e83f') in 0.020672 seconds 
========================================================================
Received Import Request.
  Time since last request: 19.603701 seconds.
  path: Assets/ExternalDependencyManager/Editor/GoogleRegistries.xml
  artifactKey: Guid(81e43a9734ee4e3d8d85776f1b564bd3) Importer(815301076,1909f56bfc062723c751e8b465ee728b)
Start importing Assets/ExternalDependencyManager/Editor/GoogleRegistries.xml using Guid(81e43a9734ee4e3d8d85776f1b564bd3) Importer(815301076,1909f56bfc062723c751e8b465ee728b)  -> (artifact id: '4ff1366af1cdaa437373fe0f0f286936') in 0.050314 seconds 
========================================================================
Received Import Request.
  Time since last request: 4.742885 seconds.
  path: Assets/ExternalDependencyManager/Editor/Google.VersionHandlerImpl_v1.2.156.dll.mdb
  artifactKey: Guid(ee1e606f108a4f1ea99c1789056e4bdd) Importer(815301076,1909f56bfc062723c751e8b465ee728b)
Start importing Assets/ExternalDependencyManager/Editor/Google.VersionHandlerImpl_v1.2.156.dll.mdb using Guid(ee1e606f108a4f1ea99c1789056e4bdd) Importer(815301076,1909f56bfc062723c751e8b465ee728b)  -> (artifact id: '1c72c9d65d2f401c8ddd7ed2674f5383') in 0.029936 seconds 
